[debug] [2022-05-26T17:59:11.079Z] ----------------------------------------------------------------------
[debug] [2022-05-26T17:59:11.081Z] Command:       C:\Program Files\nodejs\node.exe C:\Users\mahedi anik\AppData\Roaming\npm\node_modules\firebase-tools\lib\bin\firebase.js deploy
[debug] [2022-05-26T17:59:11.082Z] CLI Version:   10.7.1
[debug] [2022-05-26T17:59:11.082Z] Platform:      win32
[debug] [2022-05-26T17:59:11.082Z] Node Version:  v16.15.0
[debug] [2022-05-26T17:59:11.083Z] Time:          Thu May 26 2022 23:59:11 GMT+0600 (Bangladesh Standard Time)
[debug] [2022-05-26T17:59:11.083Z] ----------------------------------------------------------------------
[debug] 
[debug] [2022-05-26T17:59:11.158Z] > command requires scopes: ["email","openid","https://www.googleapis.com/auth/cloudplatformprojects.readonly","https://www.googleapis.com/auth/firebase","https://www.googleapis.com/auth/cloud-platform"]
[debug] [2022-05-26T17:59:11.159Z] > authorizing via signed-in user (mahediimun@gmail.com)
[debug] [2022-05-26T17:59:11.159Z] [iam] checking project drillco-87862 for permissions ["firebase.projects.get","firebasehosting.sites.update"]
[debug] [2022-05-26T17:59:11.161Z] > refreshing access token with scopes: []
[debug] [2022-05-26T17:59:11.162Z] >>> HTTP REQUEST POST https://www.googleapis.com/oauth2/v3/token  
 <request body omitted>
[debug] [2022-05-26T17:59:22.255Z] [iam] error while checking permissions, command may fail: FirebaseError: Authentication Error: Your credentials are no longer valid. Please run firebase login --reauth

For CI servers and headless environments, generate a new token with firebase login:ci
[debug] [2022-05-26T17:59:22.257Z] > refreshing access token with scopes: []
[debug] [2022-05-26T17:59:22.258Z] >>> HTTP REQUEST POST https://www.googleapis.com/oauth2/v3/token  
 <request body omitted>
[debug] [2022-05-26T17:59:33.338Z] Authentication Error: Your credentials are no longer valid. Please run firebase login --reauth

For CI servers and headless environments, generate a new token with firebase login:ci
[debug] [2022-05-26T17:59:44.401Z] FirebaseError: Authentication Error: Your credentials are no longer valid. Please run firebase login --reauth

For CI servers and headless environments, generate a new token with firebase login:ci
    at invalidCredentialError (C:\Users\mahedi anik\AppData\Roaming\npm\node_modules\firebase-tools\lib\auth.js:145:12)
    at refreshTokens (C:\Users\mahedi anik\AppData\Roaming\npm\node_modules\firebase-tools\lib\auth.js:485:15)
    at processTicksAndRejections (node:internal/process/task_queues:96:5)
    at async Client.getAccessToken (C:\Users\mahedi anik\AppData\Roaming\npm\node_modules\firebase-tools\lib\apiv2.js:147:23)
    at async Client.addAuthHeader (C:\Users\mahedi anik\AppData\Roaming\npm\node_modules\firebase-tools\lib\apiv2.js:138:21)
    at async Client.request (C:\Users\mahedi anik\AppData\Roaming\npm\node_modules\firebase-tools\lib\apiv2.js:94:34)
    at async getFirebaseProject (C:\Users\mahedi anik\AppData\Roaming\npm\node_modules\firebase-tools\lib\management\projects.js:290:21)
    at async getDefaultHostingSite (C:\Users\mahedi anik\AppData\Roaming\npm\node_modules\firebase-tools\lib\getDefaultHostingSite.js:8:21)
    at async requireHostingSite (C:\Users\mahedi anik\AppData\Roaming\npm\node_modules\firebase-tools\lib\requireHostingSite.js:9:18)
    at async Object.fn (C:\Users\mahedi anik\AppData\Roaming\npm\node_modules\firebase-tools\lib\commands\deploy.js:73:9)
    at async C:\Users\mahedi anik\AppData\Roaming\npm\node_modules\firebase-tools\lib\command.js:188:17
[error] 
[error] Error: Failed to get Firebase project drillco-87862. Please make sure the project exists and your account has permission to access it.
